android/.release-build-v8/_capacitor-network/intermediates/manifest_merge_blame_file/release/processReleaseManifest/manifest-merger-blame-release-report.txt
1<?xml version="1.0" encoding="utf-8"?>
2<manifest xmlns:android="http://schemas.android.com/apk/res/android"
3    package="com.capacitorjs.plugins.network" >
4
5    <uses-sdk android:minSdkVersion="24" />
6
7    <uses-permission android:name="android.permission.ACCESS_NETWORK_STATE" />
7-->src\main\AndroidManifest.xml:2:5-79
7-->src\main\AndroidManifest.xml:2:22-76
8
9</manifest>